[2026-01-15T02:46:32.033+0000] {taskinstance.py:1956} INFO - Dependencies all met for dep_context=non-requeueable deps ti=<TaskInstance: nyc_taxi_pipeline.ingest manual__2026-01-15T02:46:31.362528+00:00 [queued]>
[2026-01-15T02:46:32.038+0000] {taskinstance.py:1956} INFO - Dependencies all met for dep_context=requeueable deps ti=<TaskInstance: nyc_taxi_pipeline.ingest manual__2026-01-15T02:46:31.362528+00:00 [queued]>
[2026-01-15T02:46:32.038+0000] {taskinstance.py:2170} INFO - Starting attempt 1 of 1
[2026-01-15T02:46:32.047+0000] {taskinstance.py:2191} INFO - Executing <Task(DockerOperator): ingest> on 2026-01-15 02:46:31.362528+00:00
[2026-01-15T02:46:32.052+0000] {standard_task_runner.py:60} INFO - Started process 183 to run task
[2026-01-15T02:46:32.055+0000] {standard_task_runner.py:87} INFO - Running: ['***', 'tasks', 'run', 'nyc_taxi_pipeline', 'ingest', 'manual__2026-01-15T02:46:31.362528+00:00', '--job-id', '2', '--raw', '--subdir', 'DAGS_FOLDER/nyc_taxi_pipeline.py', '--cfg-path', '/tmp/tmpff0u6bnv']
[2026-01-15T02:46:32.057+0000] {standard_task_runner.py:88} INFO - Job 2: Subtask ingest
[2026-01-15T02:46:32.100+0000] {task_command.py:423} INFO - Running <TaskInstance: nyc_taxi_pipeline.ingest manual__2026-01-15T02:46:31.362528+00:00 [running]> on host faea46c83eff
[2026-01-15T02:46:32.165+0000] {taskinstance.py:2480} INFO - Exporting env vars: AIRFLOW_CTX_DAG_OWNER='***' AIRFLOW_CTX_DAG_ID='nyc_taxi_pipeline' AIRFLOW_CTX_TASK_ID='ingest' AIRFLOW_CTX_EXECUTION_DATE='2026-01-15T02:46:31.362528+00:00' AIRFLOW_CTX_TRY_NUMBER='1' AIRFLOW_CTX_DAG_RUN_ID='manual__2026-01-15T02:46:31.362528+00:00'
[2026-01-15T02:46:32.178+0000] {docker.py:486} INFO - Pulling docker image nyc_ingestion:latest
[2026-01-15T02:46:33.553+0000] {taskinstance.py:2698} ERROR - Task failed with exception
Traceback (most recent call last):
  File "/home/airflow/.local/lib/python3.8/site-packages/docker/api/client.py", line 265, in _raise_for_status
    response.raise_for_status()
  File "/home/airflow/.local/lib/python3.8/site-packages/requests/models.py", line 1021, in raise_for_status
    raise HTTPError(http_error_msg, response=self)
requests.exceptions.HTTPError: 404 Client Error: Not Found for url: http+docker://localhost/v1.50/images/create?tag=latest&fromImage=nyc_ingestion

The above exception was the direct cause of the following exception:

Traceback (most recent call last):
  File "/home/airflow/.local/lib/python3.8/site-packages/airflow/models/taskinstance.py", line 433, in _execute_task
    result = execute_callable(context=context, **execute_callable_kwargs)
  File "/home/airflow/.local/lib/python3.8/site-packages/airflow/providers/docker/operators/docker.py", line 488, in execute
    for output in self.cli.pull(self.image, stream=True, decode=True):
  File "/home/airflow/.local/lib/python3.8/site-packages/docker/api/image.py", line 429, in pull
    self._raise_for_status(response)
  File "/home/airflow/.local/lib/python3.8/site-packages/docker/api/client.py", line 267, in _raise_for_status
    raise create_api_error_from_http_exception(e) from e
  File "/home/airflow/.local/lib/python3.8/site-packages/docker/errors.py", line 39, in create_api_error_from_http_exception
    raise cls(e, response=response, explanation=explanation) from e
docker.errors.ImageNotFound: 404 Client Error for http+docker://localhost/v1.50/images/create?tag=latest&fromImage=nyc_ingestion: Not Found ("pull access denied for nyc_ingestion, repository does not exist or may require 'docker login': denied: requested access to the resource is denied")
[2026-01-15T02:46:33.559+0000] {taskinstance.py:1138} INFO - Marking task as FAILED. dag_id=nyc_taxi_pipeline, task_id=ingest, execution_date=20260115T024631, start_date=20260115T024632, end_date=20260115T024633
[2026-01-15T02:46:33.567+0000] {standard_task_runner.py:107} ERROR - Failed to execute job 2 for task ingest (404 Client Error for http+docker://localhost/v1.50/images/create?tag=latest&fromImage=nyc_ingestion: Not Found ("pull access denied for nyc_ingestion, repository does not exist or may require 'docker login': denied: requested access to the resource is denied"); 183)
[2026-01-15T02:46:33.591+0000] {local_task_job_runner.py:234} INFO - Task exited with return code 1
[2026-01-15T02:46:33.607+0000] {taskinstance.py:3280} INFO - 0 downstream tasks scheduled from follow-on schedule check
